CauseWay DOS Extender v4.04 No copyright. Public domain software.
No rights retained. 

Exception: 0E, Error code: 0004

EAX=99AE7A14 EBX=99AE7A14 ECX=004D5120 EDX=00000000 ESI=0050E828 
EDI=004E40A0 EBP=004A9950 ESP=004D3FA8 EIP=0043616B EFL=00003A94 

CS=01A7-FFBCB000 DS=01AF-FFBCB000 ES=01AF-FFBCB000 
FS=0000-xxxxxxxx GS=01B7-xxxxxxxx SS=01AF-FFBCB000 

CR0=00000000 CR2=00000000 CR3=00000000 TR=0000

Info flags=00008042 

Program Linear Load Address: 00435000

CS:EIP > 8A 43 03 5B C3 30 C0 5B C3 8B 44 24 04 8B 40 1C 
         C3 6A 28 E8 AD 85 01 00 83 C4 04 C3 53 56 8B 5C 
         24 0C 8B 5B 1C 85 DB 74 40 53 E8 C0 26 00 00 83 
         C4 04 83 F8 02 75 25 53 E8 B9 26 00 00 89 C6 83 
         C4 04 68 A5 F1 49 00 83 C0 10 50 E8 35 4F 01 00 
         83 C4 08 85 C0 75 05 8B 06 5E 5B C3 53 E8 E3 26 
         00 00 83 C4 04 89 C3 EB BC B8 FF FF FF FF 5E 5B 
         C3 53 56 8B 5C 24 0C 8B 5B 1C 85 DB 74 41 53 E8 
         6B 26 00 00 83 C4 04 83 F8 02 75 26 53 E8 64 26 
         00 00 89 C6 83 C4 04 68 A5 F1 49 00 83 C0 10 50 
         E8 E0 4E 01 00 83 C4 08 85 C0 75 06 8B 46 04 5E 
         5B C3 53 E8 8D 26 00 00 83 C4 04 89 C3 EB BB B8 
         FF FF FF FF 5E 5B C3 53 56 57 55 83 EC 28 8B 5C 
         24 3C C7 43 1C 00 00 00 00 FF 74 24 40 E8 C3 8A 
         01 00 89 C5 83 C4 04 FF 74 24 44 E8 B5 8A 01 00 
         83 C4 04 01 C5 83 C5 02 55 E8 C7 84 01 00 89 C7 
         

SS:ESP > 14 00 00 00 68 53 43 00 A0 40 4E 00 00 00 00 00 
         81 78 33 FF 49 4F 54 05 04 6A 05 F0 A0 31 96 6A 
         FF FF FF FF 01 00 00 00 00 00 00 00 01 00 00 00 
         02 00 00 00 D8 D5 4D 00 00 00 00 00 50 05 00 00 
         00 00 00 00 00 00 00 00 00 00 00 00 68 E0 4F 00 
         C8 D1 4D 00 D0 41 4E 00 00 00 00 00 00 00 00 00 
         02 00 00 00 28 40 4D 00 44 A9 4A 00 31 40 4C 00 
         30 40 4D 00 C5 1B 47 00 01 00 00 00 3C 50 4D 00 
         00 00 00 00 D2 E6 44 00 00 00 00 00 00 00 00 00 
         00 00 00 00 00 00 00 00 00 00 00 00 00 00 00 00 
         00 00 00 00 00 00 00 00 00 00 00 00 00 00 00 00 
         00 00 00 00 00 00 00 00 00 00 00 00 00 00 00 00 
         00 00 00 00 00 00 00 00 00 00 00 00 00 00 00 00 
         00 00 00 00 00 00 00 00 00 00 00 00 00 00 00 00 
         00 00 00 00 00 00 00 00 00 00 00 00 00 00 00 00 
         00 00 00 00 00 00 00 00 00 00 00 00 00 00 00 00 
         

         00 00 00 00 00 00 00 00 00 00 00 00 00 00 00 00 
         00 00 00 00 00 00 00 00 00 00 00 00 00 00 00 00 
         00 00 00 00 00 00 00 00 02 0D 75 20 A0 00 00 60 
         5F B2 44 00 00 20 E0 1E 47 00 00 02 05 C7 46 00 
         00 20 C0 3A 48 00 00 1F B0 C2 48 00 00 14 40 53 
         48 00 00 02 80 0E 49 00 02 0A D0 1C 47 00 02 20 
         A0 D3 47 00 02 02 00 C7 46 00 02 05 40 D6 47 00 
         02 20 B0 39 48 00 02 20 70 0C 47 00 02 20 D0 C1 
         48 00 02 20 4C 5A 48 00 02 20 20 C3 48 00 02 03 
         70 0C 49 00 02 02 A0 0D 49 00 02 06 B0 0E 49 00 
         02 04 10 18 49 00 00 00 00 00 00 00 00 00 00 00 
         00 01 00 00 04 00 00 07 00 00 0A 00 00 0D 00 00 
         00 00 00 00 00 00 EE 3F 00 00 00 00 00 00 F0 43 
         00 00 00 00 00 00 F0 3B 00 00 00 00 00 00 F0 3F 
         00 00 00 00 00 00 E0 3F 00 00 00 00 00 00 FF FF 
         FE 7F 00 00 0A 00 00 00 00 00 00 00 00 00 00 00 
SS:EBP > 05 4E 41 00 00 00 00 00 00 00 00 00 00 00 00 00 
         00 00 00 00 00 00 00 00 00 00 00 00 00 00 00 00 
         00 00 00 00 00 00 00 00 00 00 00 00 00 00 00 00 
         00 00 00 00 00 00 00 00 00 00 00 00 00 00 00 00 
         00 00 00 00 00 00 00 00 00 00 00 00 00 00 00 00 
         00 00 00 00 00 00 00 00 00 00 00 00 00 00 00 00 
         00 00 00 00 C7 01 00 00 C7 01 00 00 20 88 00 00 
         20 8C 00 00 2D 00 00 00 2D 00 00 00 2D 00 00 00 
         28 00 00 00 37 00 00 00 2D 00 00 00 FF FF FF FF 
         FF FF FF FF FF FF FF FF 2D 00 00 00 2D 00 00 00 
         2D 00 00 00 37 00 00 00 37 00 00 00 2D 00 00 00 
         28 00 00 00 2D 00 00 00 2D 00 00 00 36 00 00 00 
         36 00 00 00 36 00 00 00 36 00 00 00 36 00 00 00 
         36 00 00 00 00 00 00 00 00 00 00 00 00 00 00 00 
         36 00 00 00 36 00 00 00 36 00 00 00 36 00 00 00 
         36 00 00 00 36 00 00 00 36 00 00 00 36 00 00 00 
         


   Application resource tracking details   
===========================================


Selectors
=========

 sel   base     limit  type D mem count
----------------------------------------
018F 00430000 00004000 DATA 32 Y xxxx
019F 00430AEC 0000013B DATA 32 Y xxxx
01A7 00000000 FFFFFFFF CODE 32 N 0001
01AF 00000000 FFFFFFFF DATA 32 N 0002
01B7 00430C64 00000047 DATA 32 Y xxxx

Total selectors: 0005


Linear memory blocks
====================

 handle    base    length 
--------------------------
00435000 00435000 000A0000 
00430AEC 00430AEC 0000013C 
00430C30 00430C30 00000014 
00430C64 00430C64 00000048 

Total Linear memory: 000A0198 (000A4000) in 00000004 blocks


Linear memory locked
====================

  base    length 
-----------------
0FC00049 0000010F 
E71C0044 0000000B 
004A2DEA 00000004 
004A2DE2 00000004 
004A2DE6 00000004 
004A361E 00000004 
004A3622 00000004 
004A3626 00000004 
004A2DEE 00000004 
004A2DF2 00000004 
004A2DF6 00000004 
004A2DFA 00000004 
004A2DFE 00000004 
004A2E02 00000004 
004B4A74 00000400 
004A362A 00000004 
004D6038 00002000 
004D8040 00002000 
004DA048 00002000 
004DE038 00002000 
004E0040 00002000 
004E2048 00002000 
004E6038 00002000 
004E8040 00002000 
004EA048 00002000 
004B7404 00000004 
004B73FC 00000004 
004B740C 00000004 
004B7408 00000004 
004B7400 00000004 
004B7410 00000004 
004B7368 00000090 
004B7348 00000020 
004B73F8 00000004 
004A38DA 00000004 
004A38E2 00000004 
004A59B8 00000004 
BAE00048 000000A0 
004A38B0 00000004 
004A38D0 00000004 
004B7200 00000140 
004A38CC 00000004 
004B7344 00000004 
004A38C4 00000004 
004A38C8 00000004 
004A38B8 00000004 
004A38BC 00000004 
004B7340 00000004 
0044B42A 0000000B 
0044B2B6 000000C2 
0044B53D 00000021 
0044B55F 0000002C 
0044B590 00000024 
0044B5B5 0000007D 
0044B6BD 0000001A 
0044B6D8 FFFFFFFF 
0044B6E8 0000001F 
0044B708 FFFFFFFF 
0044B7A3 00000011 
0044B7B5 FFFFFFFF 
004A6E68 00000034 
004C232C 00000004 
004C2338 00000004 
004A6E2C 00000004 
004A6E30 00000004 
004C2330 00000004 
004C2334 00000004 
00470DC3 00000196 
0044C1F0 FFFFFFFF 
004A9944 00000004 
0043501D 0000000C 
004A2878 00000004 
004A2880 00000004 
004B49F3 0000007F 
004B4974 0000007F 
004A288C 00000004 
004A2890 00000004 
004B46DC 0000014C 
004B4828 0000014C 
004A2884 00000004 
004A2888 00000004 
004A2894 00000004 
004A2898 00000004 
004A289C 00000004 
004A28A8 00000004 
004A28AC 00000004 
004A28B0 00000004 
004A28B4 00000004 
004A28B8 00000004 
0044785B 00000098 
00447962 0000003B 
004477A9 0000001F 
004A8A9C 00000080 
004A8B1C 00000080 
004A8B9C 00000018 
004A8BB4 0000000A 
004A8BBE 000000FE 
004A8CBC 000000FE 
004A8DBA 000000FE 
004A8EB8 000000FE 
004C338A 000000FE 
004C3488 000000FE 
004C3586 000000FE 
004C3880 000000FE 
004C3684 000000FE 
004C3782 000000FE 
004C2A9C 000000FE 
004C2C98 000000FE 
004C2F92 000000FE 
004C2E94 000000FE 
004C3090 000000FE 
004C2B9A 000000FE 
004C328C 000000FE 
004C2D96 000000FE 
004C318E 000000FE 
004A8FB6 00000004 
004A8FBA 00000004 
004A8FBE 00000004 
004A8FC2 00000004 
004A8FC6 00000004 
004A8FCA 00000004 
004A8FCE 00000004 
004A8FD2 00000004 
004A8FD6 00000004 
004A8FDA 00000004 
004A8FDE 00000004 
004A8FE2 00000004 
004A8FE6 00000004 
004A8FEA 00000004 
004A8A94 00000004 
004A8A60 00000004 
004A8A64 00000004 
004A8A68 00000004 
004A8A6C 00000004 
004A8A70 00000004 
004A8A74 00000004 
004A8A78 00000004 
004A8A7C 00000004 
004A8A80 00000004 
004A8A84 00000004 
004A8A88 00000004 
004A8A8C 00000004 
004A8A90 00000004 
0047D8EE 000003D2 
004A68E0 00000004 
004A68E4 00000004 
004A68E8 00000004 
0046DF00 00000043 
0046E04D 00000046 
0044C1F0 FFFFFFFF 
00491874 0000000C 
0044513F 000001F4 
004A11F0 000000F4 
00491FC4 00000304 
004931EC 0000023C 
004D5C20 00000360 
004DC050 00000320 
004B8814 000000F4 
004A111C 0000008C 
004A283C 00000004 
004A2840 00000004 
004B46C8 00000004 
004B46CC 00000004 
004A2844 00000004 
004A2848 00000004 
004A2858 00000004 
004A284C 00000004 
004A2850 00000004 
004A2854 00000004 
004B46D4 00000004 
004B46D8 00000004 
004B46C4 00000004 
004B46D0 00000004 
004A2860 00000004 
004B46C0 00000004 
004B46B8 00000004 
004B46B4 00000004 
004B4530 00000180 
004ABFB0 00000400 
004AC3B0 00008180 
004AB4B0 00000300 
004AB7B0 00000800 
004A2864 00000004 
004A2868 00000004 
004A286C 00000004 
004B46BC 00000004 
004B46B0 00000004 
004457EF 00000032 
00445845 00000E06 
00445951 00000CFA 
00445A96 0000008C 
00445C0F 000000B3 
00445DB3 0000005A 
00445E43 00000037 
00445E7B 00000055 
00445F66 00000160 
0044613B 00000070 
004461D8 FFFFFFD3 
004462A7 000000AF 
0044645E FFFFFEF8 
00446B36 000000E5 
00446C3A 0000007F 
0044696B 000003B2 
00446D1E 0000000B 
00446D53 0000001E 
00446D72 00000029 
004A3738 000000B8 
004A37F0 00000060 
004A3850 00000004 
004A3854 00000004 
004A3860 00000004 
004A3864 00000004 
004A3870 00000004 
004A3874 00000004 
004B5274 00001400 
004B6674 00000B00 
004A3888 00000004 
004A388C 00000004 
004A3890 00000004 
004A3894 00000004 
0044867E 0000001F 
00449ED6 0000001F 
00449F5D 00000024 
00449FD2 00000022 
0044A232 000000C1 
0044A2FB 00000022 
0044A356 000000A3 
0044A42E 00000020 
0044A45E 0000001D 
0044A47C 0000000F 
0044A48C 00000041 
0044A4CE 00000022 
0044A4F1 00000011 
0044A517 00000015 
0044A571 00000018 
0044A5E7 0000002E 
0044A644 00000083 
0044A6E0 00000028 
0044A712 00000022 
0044A735 00000014 
0044A77E 00000069 
0044A80A 00000028 
0044A83C 00000038 
0044A875 0000002A 
0044A8D1 0000007E 
0044A96B 0000002B 
0044A9A3 00000022 
0044A9DD 00000022 
0044AA17 00000022 
0044AA51 FFFFFFE8 
0044AD00 0000001F 
004A13E4 000000B8 
004A149C 000000B8 
004A1554 000000B8 
004A160C 000000B8 
004A16C4 000000B8 
004A187C 00000060 
004A3898 00000004 
004A38A4 00000004 
004A38A8 00000004 
004A38AC 00000004 
004A18F4 00000004 
004A18DC 00000004 
004A18E4 00000004 
004A18E8 00000004 
004A18EC 00000004 
004A18F0 00000004 
004A18F8 00000004 
004A1904 00000004 
004A1908 00000004 
004A190C 00000004 
004A99B4 00000008 
004A99BC 00000008 
004A1918 00000004 
004A191C 00000004 
004A1910 00000004 
004A1914 00000004 
004A18E4 00000004 
004393A8 0000008D 
004395A8 0000012D 
0043A458 0000001E 
0043A4B0 00000035 
0043A4EF 0000000F 
0043946E 00000090 
00466DC1 00000023 
004A64E0 00000080 
00466B47 0000003F 
00466B9E 000000C3 
00466C6A 00000015 
00466C80 0000005C 
004DC630 00000800 
004C114C 00000B00 
004A64D8 00000004 
004B914C 00008000 
004C1C5C 00000004 
004C1C54 00000004 
004C1C58 00000004 
004C1C50 00000004 
004C1C4C 00000004 
00462B5E 00000022 
00462B81 00000005 
00462B9F 00000005 
00462B87 00000005 
00462B8D 00000005 
00462B93 00000005 
00462B99 00000005 
00462BC2 00000028 
0046302D 0000008D 
0046315A FFFFFF60 
0046335A FFFFFD60 
0046355D FFFFFB5D 
00463784 FFFFF936 
004639B3 FFFFF707 
00463BD1 FFFFF4E9 
00463DFD FFFFF2BD 
0046403E FFFFF07C 
00464288 FFFFEE32 
00464496 FFFFEC24 
004646BE FFFFE9FC 
004648FF FFFFE7BB 
00464B4D 00000478 
00464FC6 000005BB 
00465582 00000481 
00465A04 000005F1 
00462DC9 00000072 
00462E8E 000000C3 
00462F94 00000060 
00465FF6 00000274 
00466315 00000090 
004663A6 00000013 
004663BA 00000024 
004663E9 0000000D 
004663F7 0000001B 
00466413 00000027 
0046643B 00000020 
0046646A 0000000E 
00466479 0000001B 
00466495 00000059 
004664F6 0000000D 
00466504 0000000E 
004663F7 0000011B 
00466513 00000059 
00466574 0000000D 
00466582 0000000E 
00466479 00000117 
00466591 00000059 
004665F2 0000000D 
004665FF 00000000 
004665FF 00000000 
004665FF 00000000 
0044C1F0 FFFFFFFF 
004A1A4C 00000060 
004A1AAC 00000060 
004A1B0C 00000060 
004A1B6C 00000700 
004A226C 00000292 
004A24FE 00000004 
004A250E 00000048 
004A2556 00000034 
004A258A 00000200 
004A278A 00000014 
004A279E 00000014 
004A27B2 00000014 
004A9A90 00000014 
004A9A7C 00000014 
004A9A68 00000014 
004A9A54 00000014 
004A9AA4 00000014 
004A9AEE 00000001 
004A2502 00000004 
004A9ADC 00000012 
004A9ACA 00000012 
004A9AB8 00000012 
004A9A0C 00000048 
004A99C4 00000048 
004A2506 00000004 
004A250A 00000004 
0043A8C1 0000004C 
0043A914 000001C4 
0043AAD9 000000A0 
0043B00F 00000033 
0043B166 0000002A 
0043B198 0000005E 
0043B21A 000000A7 
0043B2D2 000000B8 
004A11F0 000000F4 
00491FC4 00000304 
004931EC 0000023C 
004A11F0 000000F4 
00491FC4 00000304 
004931EC 0000023C 
004A11F0 000000F4 
00491FC4 00000304 
004931EC 0000023C 
004A11F0 000000F4 
00491FC4 00000304 
004931EC 0000023C 
004A11F0 000000F4 
00491FC4 00000304 
004931EC 0000023C 
004A11F0 000000F4 
00491FC4 00000304 
004931EC 0000023C 
004A11F0 000000F4 
00491FC4 00000304 
004931EC 0000023C 
004A11F0 000000F4 
00491FC4 00000304 
004931EC 0000023C 
004A11F0 000000F4 
00491FC4 00000304 
004931EC 0000023C 
004A11F0 000000F4 
00491FC4 00000304 
004931EC 0000023C 
004A11F0 000000F4 
00491FC4 00000304 
004931EC 0000023C 
004A11F0 000000F4 
00491FC4 00000304 
004931EC 0000023C 
004A11F0 000000F4 
00491FC4 00000304 
004931EC 0000023C 
004A11F0 000000F4 
00491FC4 00000304 
004931EC 0000023C 
004A11F0 000000F4 
00491FC4 00000304 
004931EC 0000023C 
004A11F0 000000F4 
00491FC4 00000304 
004931EC 0000023C 
004A11F0 000000F4 
00491FC4 00000304 
004931EC 0000023C 
004A11F0 000000F4 
00491FC4 00000304 
004931EC 0000023C 
004A11F0 000000F4 
00491FC4 00000304 
004931EC 0000023C 
004A11F0 000000F4 
00491FC4 00000304 
004931EC 0000023C 
004A11F0 000000F4 
00491FC4 00000304 
004931EC 0000023C 
004A11F0 000000F4 
00491FC4 00000304 
004931EC 0000023C 
004A11F0 000000F4 
00491FC4 00000304 
004931EC 0000023C 
004A11F0 000000F4 
00491FC4 00000304 
004931EC 0000023C 
004A11F0 000000F4 
00491FC4 00000304 
004931EC 0000023C 
004A11F0 000000F4 
00491FC4 00000304 
004931EC 0000023C 
004A11F0 000000F4 
00491FC4 00000304 
004931EC 0000023C 
004A11F0 000000F4 
00491FC4 00000304 
004931EC 0000023C 
004A11F0 000000F4 
00491FC4 00000304 
004931EC 0000023C 
004A11F0 000000F4 
00491FC4 00000304 
004931EC 0000023C 
004A11F0 000000F4 
00491FC4 00000304 
004931EC 0000023C 
004A11F0 000000F4 
00491FC4 00000304 
004931EC 0000023C 
004A11F0 000000F4 
00491FC4 00000304 
004931EC 0000023C 
004A11F0 000000F4 
00491FC4 00000304 
004931EC 0000023C 
004A11F0 000000F4 
00491FC4 00000304 
004931EC 0000023C 
004A11F0 000000F4 
00491FC4 00000304 
004931EC 0000023C 
004A11F0 000000F4 
00491FC4 00000304 
004931EC 0000023C 
004A11F0 000000F4 
00491FC4 00000304 
004931EC 0000023C 
004A11F0 000000F4 
00491FC4 00000304 
004931EC 0000023C 
004A11F0 000000F4 
00491FC4 00000304 
004931EC 0000023C 
004A11F0 000000F4 
00491FC4 00000304 
004931EC 0000023C 
004A11F0 000000F4 
00491FC4 00000304 
004931EC 0000023C 
004A11F0 000000F4 
00491FC4 00000304 
004931EC 0000023C 
004A11F0 000000F4 
00491FC4 00000304 
004931EC 0000023C 
004A11F0 000000F4 
00491FC4 00000304 
004931EC 0000023C 
004A11F0 000000F4 
00491FC4 00000304 
004931EC 0000023C 
004A11F0 000000F4 
00491FC4 00000304 
004931EC 0000023C 
004A11F0 000000F4 
00491FC4 00000304 
004931EC 0000023C 
004A11F0 000000F4 
00491FC4 00000304 
004931EC 0000023C 
004A11F0 000000F4 
00491FC4 00000304 
004931EC 0000023C 
004A11F0 000000F4 
00491FC4 00000304 
004931EC 0000023C 
004A11F0 000000F4 
00491FC4 00000304 
004931EC 0000023C 
004A11F0 000000F4 
00491FC4 00000304 
004931EC 0000023C 
004A11F0 000000F4 
00491FC4 00000304 
004931EC 0000023C 
004A11F0 000000F4 
00491FC4 00000304 
004931EC 0000023C 
004A11F0 000000F4 
00491FC4 00000304 
004931EC 0000023C 
004A11F0 000000F4 
00491FC4 00000304 
004931EC 0000023C 
004A11F0 000000F4 
00491FC4 00000304 
004931EC 0000023C 
004A11F0 000000F4 
00491FC4 00000304 
004931EC 0000023C 
004A11F0 000000F4 
00491FC4 00000304 
004931EC 0000023C 
004A11F0 000000F4 
00491FC4 00000304 
004931EC 0000023C 
004A11F0 000000F4 
00491FC4 00000304 
004931EC 0000023C 
004A11F0 000000F4 
00491FC4 00000304 
004931EC 0000023C 
004A11F0 000000F4 
00491FC4 00000304 
004931EC 0000023C 
004A11F0 000000F4 
00491FC4 00000304 
004931EC 0000023C 
004A11F0 000000F4 
00491FC4 00000304 
004931EC 0000023C 
004A11F0 000000F4 
00491FC4 00000304 
004931EC 0000023C 
004A11F0 000000F4 
00491FC4 00000304 
004931EC 0000023C 
004A11F0 000000F4 
00491FC4 00000304 
004931EC 0000023C 
004A11F0 000000F4 
00491FC4 00000304 
004931EC 0000023C 
004A11F0 000000F4 
00491FC4 00000304 
004931EC 0000023C 
004A11F0 000000F4 
00491FC4 00000304 
004931EC 0000023C 
004A11F0 000000F4 
00491FC4 00000304 
004931EC 0000023C 
004A11F0 000000F4 
00491FC4 00000304 
004931EC 0000023C 
004A11F0 000000F4 
00491FC4 00000304 
004931EC 0000023C 
004A11F0 000000F4 
00491FC4 00000304 
004931EC 0000023C 
004A11F0 000000F4 
00491FC4 00000304 
004931EC 0000023C 
004A11F0 000000F4 
00491FC4 00000304 
004931EC 0000023C 
004A11F0 000000F4 
00491FC4 00000304 
004931EC 0000023C 
004A11F0 000000F4 
00491FC4 00000304 
004931EC 0000023C 
004A11F0 000000F4 
00491FC4 00000304 
004931EC 0000023C 
004A11F0 000000F4 
00491FC4 00000304 
004931EC 0000023C 
004A11F0 000000F4 
00491FC4 00000304 
004931EC 0000023C 
004A11F0 000000F4 
00491FC4 00000304 
004931EC 0000023C 
004A11F0 000000F4 
00491FC4 00000304 
004931EC 0000023C 
004A11F0 000000F4 
00491FC4 00000304 
004931EC 0000023C 
004A11F0 000000F4 
00491FC4 00000304 
004931EC 0000023C 
004A11F0 000000F4 
00491FC4 00000304 
004931EC 0000023C 
004A11F0 000000F4 
00491FC4 00000304 
004931EC 0000023C 
004A11F0 000000F4 
00491FC4 00000304 
004931EC 0000023C 
004A11F0 000000F4 
00491FC4 00000304 
004931EC 0000023C 
004A11F0 000000F4 
00491FC4 00000304 
004931EC 0000023C 
004A11F0 000000F4 
00491FC4 00000304 
004931EC 0000023C 
004A11F0 000000F4 
00491FC4 00000304 
004931EC 0000023C 
004A11F0 000000F4 
00491FC4 00000304 
004931EC 0000023C 
004A11F0 000000F4 
00491FC4 00000304 
004931EC 0000023C 
004A11F0 000000F4 
00491FC4 00000304 
004931EC 0000023C 
004A11F0 000000F4 
00491FC4 00000304 
004931EC 0000023C 
004A11F0 000000F4 
00491FC4 00000304 
004931EC 0000023C 
004A11F0 000000F4 
00491FC4 00000304 
004931EC 0000023C 
004A11F0 000000F4 
00491FC4 00000304 
004931EC 0000023C 
004A11F0 000000F4 
00491FC4 00000304 
004931EC 0000023C 
004A11F0 000000F4 
00491FC4 00000304 
004931EC 0000023C 
004A11F0 000000F4 
00491FC4 00000304 
004931EC 0000023C 
004A11F0 000000F4 
00491FC4 00000304 
004931EC 0000023C 
004A11F0 000000F4 
00491FC4 00000304 
004931EC 0000023C 
004A11F0 000000F4 
00491FC4 00000304 
004931EC 0000023C 
004A11F0 000000F4 
00491FC4 00000304 
004931EC 0000023C 
004A11F0 000000F4 
00491FC4 00000304 
004931EC 0000023C 
004A11F0 000000F4 
00491FC4 00000304 
004931EC 0000023C 
004A11F0 000000F4 
00491FC4 00000304 
004931EC 0000023C 
004A11F0 000000F4 
00491FC4 00000304 
004931EC 0000023C 
004A11F0 000000F4 
00491FC4 00000304 
004931EC 0000023C 
004A11F0 000000F4 
00491FC4 00000304 
004931EC 0000023C 
004A11F0 000000F4 
00491FC4 00000304 
004931EC 0000023C 
004A11F0 000000F4 
00491FC4 00000304 
004931EC 0000023C 
004A11F0 000000F4 
00491FC4 00000304 
004931EC 0000023C 
004A11F0 000000F4 
00491FC4 00000304 
004931EC 0000023C 
004A11F0 000000F4 
00491FC4 00000304 
004931EC 0000023C 
004A11F0 000000F4 
00491FC4 00000304 
004931EC 0000023C 
004A11F0 000000F4 
00491FC4 00000304 
004931EC 0000023C 
004A11F0 000000F4 
00491FC4 00000304 
004931EC 0000023C 
004A11F0 000000F4 
00491FC4 00000304 
004931EC 0000023C 
004A11F0 000000F4 
00491FC4 00000304 
004931EC 0000023C 
004A11F0 000000F4 
00491FC4 00000304 
004931EC 0000023C 
004A11F0 000000F4 
00491FC4 00000304 
004931EC 0000023C 
004A11F0 000000F4 
00491FC4 00000304 
004931EC 0000023C 
004A11F0 000000F4 
00491FC4 00000304 
004931EC 0000023C 
004A11F0 000000F4 
00491FC4 00000304 
004931EC 0000023C 
004A11F0 000000F4 
00491FC4 00000304 
004931EC 0000023C 
004A11F0 000000F4 
00491FC4 00000304 
004931EC 0000023C 
004A11F0 000000F4 
00491FC4 00000304 
004931EC 0000023C 
004A11F0 000000F4 
00491FC4 00000304 
004931EC 0000023C 
004A11F0 000000F4 
00491FC4 00000304 
004931EC 0000023C 
004A11F0 000000F4 
00491FC4 00000304 
004931EC 0000023C 
004A11F0 000000F4 
00491FC4 00000304 
004931EC 0000023C 
004A11F0 000000F4 
00491FC4 00000304 
004931EC 0000023C 
004A11F0 000000F4 
00491FC4 00000304 
004931EC 0000023C 
004A11F0 000000F4 
00491FC4 00000304 
004931EC 0000023C 
004A11F0 000000F4 
00491FC4 00000304 
004931EC 0000023C 
004A11F0 000000F4 
00491FC4 00000304 
004931EC 0000023C 
004A11F0 000000F4 
00491FC4 00000304 
004931EC 0000023C 
004A11F0 000000F4 
00491FC4 00000304 
004931EC 0000023C 
004A11F0 000000F4 
00491FC4 00000304 
004931EC 0000023C 
004A11F0 000000F4 
00491FC4 00000304 
004931EC 0000023C 
004A11F0 000000F4 
00491FC4 00000304 
004931EC 0000023C 
004A11F0 000000F4 
00491FC4 00000304 
004931EC 0000023C 
004A11F0 000000F4 
00491FC4 00000304 
004931EC 0000023C 
004A11F0 000000F4 
00491FC4 00000304 
004931EC 0000023C 
004A11F0 000000F4 
00491FC4 00000304 
004931EC 0000023C 
004A11F0 000000F4 
00491FC4 00000304 
004931EC 0000023C 
004A11F0 000000F4 
00491FC4 00000304 
004931EC 0000023C 
004A11F0 000000F4 
00491FC4 00000304 
004931EC 0000023C 
004A11F0 000000F4 
00491FC4 00000304 
004931EC 0000023C 
004A11F0 000000F4 
00491FC4 00000304 
004931EC 0000023C 
004A11F0 000000F4 
00491FC4 00000304 
004931EC 0000023C 
004A11F0 000000F4 
00491FC4 00000304 
004931EC 0000023C 
004A11F0 000000F4 
00491FC4 00000304 
004931EC 0000023C 
004A11F0 000000F4 
00491FC4 00000304 
004931EC 0000023C 
004A11F0 000000F4 
00491FC4 00000304 
004931EC 0000023C 
004A11F0 000000F4 
00491FC4 00000304 
004931EC 0000023C 
004A11F0 000000F4 
00491FC4 00000304 
004931EC 0000023C 
004A11F0 000000F4 
00491FC4 00000304 
004931EC 0000023C 
004A11F0 000000F4 
00491FC4 00000304 
004931EC 0000023C 
004A11F0 000000F4 
00491FC4 00000304 
004931EC 0000023C 
004A11F0 000000F4 
00491FC4 00000304 
004931EC 0000023C 
004A11F0 000000F4 
00491FC4 00000304 
004931EC 0000023C 
004A11F0 000000F4 
00491FC4 00000304 
004931EC 0000023C 
004A11F0 000000F4 
00491FC4 00000304 
004931EC 0000023C 
004A11F0 000000F4 
00491FC4 00000304 
004931EC 0000023C 
004A11F0 000000F4 
00491FC4 00000304 
004931EC 0000023C 
004A11F0 000000F4 
00491FC4 00000304 
004931EC 0000023C 
004A11F0 000000F4 
00491FC4 00000304 
004931EC 0000023C 
004A11F0 000000F4 
00491FC4 00000304 
004931EC 0000023C 
004A11F0 000000F4 
00491FC4 00000304 
004931EC 0000023C 
004A11F0 000000F4 
00491FC4 00000304 
004931EC 0000023C 
004A11F0 000000F4 
00491FC4 00000304 
004931EC 0000023C 
004A11F0 000000F4 
00491FC4 00000304 
004931EC 0000023C 
004A11F0 000000F4 
00491FC4 00000304 
004931EC 0000023C 
004A11F0 000000F4 
00491FC4 00000304 
004931EC 0000023C 
004A11F0 000000F4 
00491FC4 00000304 
004931EC 0000023C 
004A11F0 000000F4 
00491FC4 00000304 
004931EC 0000023C 
004A11F0 000000F4 
00491FC4 00000304 
004931EC 0000023C 
004A11F0 000000F4 
00491FC4 00000304 
004931EC 0000023C 
004A11F0 000000F4 
00491FC4 00000304 
004931EC 0000023C 
004A11F0 000000F4 
00491FC4 00000304 
004931EC 0000023C 
004A11F0 000000F4 
00491FC4 00000304 
004931EC 0000023C 
004A11F0 000000F4 
00491FC4 00000304 
004931EC 0000023C 
004A11F0 000000F4 
00491FC4 00000304 
004931EC 0000023C 
004A11F0 000000F4 
00491FC4 00000304 
004931EC 0000023C 
004A11F0 000000F4 
00491FC4 00000304 
004931EC 0000023C 
004A11F0 000000F4 
00491FC4 00000304 
004931EC 0000023C 
004A11F0 000000F4 
00491FC4 00000304 
004931EC 0000023C 
004A11F0 000000F4 
00491FC4 00000304 
004931EC 0000023C 
004A11F0 000000F4 
00491FC4 00000304 
004931EC 0000023C 
004A11F0 000000F4 
00491FC4 00000304 
004931EC 0000023C 
004A11F0 000000F4 
00491FC4 00000304 
004931EC 0000023C 
004A11F0 000000F4 
00491FC4 00000304 
004931EC 0000023C 
004A11F0 000000F4 
00491FC4 00000304 
004931EC 0000023C 
004A11F0 000000F4 
00491FC4 00000304 
004931EC 0000023C 
004A11F0 000000F4 
00491FC4 00000304 
004931EC 0000023C 
004A11F0 000000F4 
00491FC4 00000304 
004931EC 0000023C 
004A11F0 000000F4 
00491FC4 00000304 
004931EC 0000023C 
004A11F0 000000F4 
00491FC4 00000304 
004931EC 0000023C 
004A11F0 000000F4 
00491FC4 00000304 
004931EC 0000023C 
004A11F0 000000F4 
00491FC4 00000304 
004931EC 0000023C 
004A11F0 000000F4 
00491FC4 00000304 
004931EC 0000023C 
004A11F0 000000F4 
00491FC4 00000304 
004931EC 0000023C 
004A11F0 000000F4 
00491FC4 00000304 
004931EC 0000023C 
004A11F0 000000F4 
00491FC4 00000304 
004931EC 0000023C 
004A11F0 000000F4 
00491FC4 00000304 
004931EC 0000023C 
004A11F0 000000F4 
00491FC4 00000304 
004931EC 0000023C 
004A11F0 000000F4 
00491FC4 00000304 
004931EC 0000023C 
004A11F0 000000F4 
00491FC4 00000304 
004931EC 0000023C 
004A11F0 000000F4 
00491FC4 00000304 
004931EC 0000023C 
004A11F0 000000F4 
00491FC4 00000304 
004931EC 0000023C 
004A11F0 000000F4 
00491FC4 00000304 
004931EC 0000023C 
004A11F0 000000F4 
00491FC4 00000304 
004931EC 0000023C 
004A11F0 000000F4 
00491FC4 00000304 
004931EC 0000023C 
004A11F0 000000F4 
00491FC4 00000304 
004931EC 0000023C 
004A11F0 000000F4 
00491FC4 00000304 
004931EC 0000023C 
004A11F0 000000F4 
00491FC4 00000304 
004931EC 0000023C 
004A11F0 000000F4 
00491FC4 00000304 
004931EC 0000023C 
004A11F0 000000F4 
00491FC4 00000304 
004931EC 0000023C 
004A11F0 000000F4 
00491FC4 00000304 
004931EC 0000023C 
004A11F0 000000F4 
00491FC4 00000304 
004931EC 0000023C 
004A11F0 000000F4 
00491FC4 00000304 
004931EC 0000023C 
004A11F0 000000F4 
00491FC4 00000304 
004931EC 0000023C 
004E4078 00000024 
00510038 00010C4A 
004A11F0 000000F4 
00491FC4 00000304 
004931EC 0000023C 
004A11F0 000000F4 
00491FC4 00000304 
004931EC 0000023C 
004A11F0 000000F4 
00491FC4 00000304 
004A11F0 000000F4 
00491FC4 00000304 
004931EC 0000023C 
004931EC 0000023C 
004A11F0 000000F4 
00491FC4 00000304 
004931EC 0000023C 
004A11F0 000000F4 
00491FC4 00000304 
004931EC 0000023C 
004A11F0 000000F4 
00491FC4 00000304 
004931EC 0000023C 
004A11F0 000000F4 
00491FC4 00000304 
004931EC 0000023C 
004A11F0 000000F4 
00491FC4 00000304 
004931EC 0000023C 
004A11F0 000000F4 
00491FC4 00000304 
004931EC 0000023C 
004A11F0 000000F4 
00491FC4 00000304 
004931EC 0000023C 
004A11F0 000000F4 
00491FC4 00000304 
004931EC 0000023C 
004A11F0 000000F4 
00491FC4 00000304 
004931EC 0000023C 
004A11F0 000000F4 
00491FC4 00000304 
004931EC 0000023C 
004A11F0 000000F4 
00491FC4 00000304 
004931EC 0000023C 
004A11F0 000000F4 
00491FC4 00000304 
004931EC 0000023C 
004A11F0 000000F4 
00491FC4 00000304 
004931EC 0000023C 
004A11F0 000000F4 
00491FC4 00000304 
004931EC 0000023C 
004A11F0 000000F4 
00491FC4 00000304 
004931EC 0000023C 
004A11F0 000000F4 
00491FC4 00000304 
004931EC 0000023C 
004A11F0 000000F4 
00491FC4 00000304 
004931EC 0000023C 
004A11F0 000000F4 
00491FC4 00000304 
004931EC 0000023C 
004A11F0 000000F4 
00491FC4 00000304 
004931EC 0000023C 
004A11F0 000000F4 
00491FC4 00000304 
004931EC 0000023C 
004A11F0 000000F4 
00491FC4 00000304 
004931EC 0000023C 
004A11F0 000000F4 
00491FC4 00000304 
004931EC 0000023C 
004A11F0 000000F4 
00491FC4 00000304 
004931EC 0000023C 
004A11F0 000000F4 
00491FC4 00000304 
004931EC 0000023C 
004A11F0 000000F4 
00491FC4 00000304 
004931EC 0000023C 
004A11F0 000000F4 
00491FC4 00000304 
004931EC 0000023C 
004A11F0 000000F4 
00491FC4 00000304 
004931EC 0000023C 
004A11F0 000000F4 
00491FC4 00000304 
004931EC 0000023C 
004A11F0 000000F4 
00491FC4 00000304 
004931EC 0000023C 
004A11F0 000000F4 
00491FC4 00000304 
004931EC 0000023C 
004A11F0 000000F4 
00491FC4 00000304 
004931EC 0000023C 
004A11F0 000000F4 
00491FC4 00000304 
004931EC 0000023C 
004A11F0 000000F4 
00491FC4 00000304 
004931EC 0000023C 
004A11F0 000000F4 
00491FC4 00000304 
004931EC 0000023C 
004A11F0 000000F4 
00491FC4 00000304 
004931EC 0000023C 
004A11F0 000000F4 
00491FC4 00000304 
004931EC 0000023C 
004A11F0 000000F4 
00491FC4 00000304 
004931EC 0000023C 
004A11F0 000000F4 
00491FC4 00000304 
004931EC 0000023C 
004A11F0 000000F4 
00491FC4 00000304 
004931EC 0000023C 
004A11F0 000000F4 
00491FC4 00000304 
004931EC 0000023C 
004A11F0 000000F4 
00491FC4 00000304 
004931EC 0000023C 
004A11F0 000000F4 
00491FC4 00000304 
004931EC 0000023C 
004A11F0 000000F4 
00491FC4 00000304 
004931EC 0000023C 
004A11F0 000000F4 
00491FC4 00000304 
004931EC 0000023C 
004A11F0 000000F4 
00491FC4 00000304 
004931EC 0000023C 
004A11F0 000000F4 
00491FC4 00000304 
004931EC 0000023C 
004A11F0 000000F4 
00491FC4 00000304 
004931EC 0000023C 
004A11F0 000000F4 
00491FC4 00000304 
004931EC 0000023C 
004A11F0 000000F4 
00491FC4 00000304 
004931EC 0000023C 
004A11F0 000000F4 
00491FC4 00000304 
004931EC 0000023C 
004A11F0 000000F4 
00491FC4 00000304 
004931EC 0000023C 
004A11F0 000000F4 
00491FC4 00000304 
004931EC 0000023C 
004A11F0 000000F4 
00491FC4 00000304 
004931EC 0000023C 
004A11F0 000000F4 
00491FC4 00000304 
004931EC 0000023C 
004A11F0 000000F4 
00491FC4 00000304 
004931EC 0000023C 
004A11F0 000000F4 
00491FC4 00000304 
004931EC 0000023C 
004A11F0 000000F4 
00491FC4 00000304 
004931EC 0000023C 
004A11F0 000000F4 
00491FC4 00000304 
004931EC 0000023C 
004A11F0 000000F4 
00491FC4 00000304 
004931EC 0000023C 
004A11F0 000000F4 
00491FC4 00000304 
004931EC 0000023C 
004A11F0 000000F4 
00491FC4 00000304 
004931EC 0000023C 
004A11F0 000000F4 
00491FC4 00000304 
004931EC 0000023C 
004A11F0 000000F4 
00491FC4 00000304 
004931EC 0000023C 
004A11F0 000000F4 
00491FC4 00000304 
004931EC 0000023C 
004A11F0 000000F4 
00491FC4 00000304 
004931EC 0000023C 
004A11F0 000000F4 
00491FC4 00000304 
004931EC 0000023C 
004A11F0 000000F4 
00491FC4 00000304 
004931EC 0000023C 
004A11F0 000000F4 
00491FC4 00000304 
004931EC 0000023C 
004A11F0 000000F4 
00491FC4 00000304 
004931EC 0000023C 
004A11F0 000000F4 
00491FC4 00000304 
004931EC 0000023C 
004A11F0 000000F4 
00491FC4 00000304 
004931EC 0000023C 
004A11F0 000000F4 
00491FC4 00000304 
004931EC 0000023C 
004A11F0 000000F4 
00491FC4 00000304 
004931EC 0000023C 
004A11F0 000000F4 
00491FC4 00000304 
004931EC 0000023C 
004A11F0 000000F4 
00491FC4 00000304 
004931EC 0000023C 
004A11F0 000000F4 
00491FC4 00000304 
004931EC 0000023C 
004A11F0 000000F4 
00491FC4 00000304 
004931EC 0000023C 
004A11F0 000000F4 
00491FC4 00000304 
004931EC 0000023C 
004A11F0 000000F4 
00491FC4 00000304 
004931EC 0000023C 
004A11F0 000000F4 
00491FC4 00000304 
004931EC 0000023C 
004A11F0 000000F4 
00491FC4 00000304 
004931EC 0000023C 
004A11F0 000000F4 
00491FC4 00000304 
004931EC 0000023C 
004A11F0 000000F4 
00491FC4 00000304 
004931EC 0000023C 
004A11F0 000000F4 
00491FC4 00000304 
004931EC 0000023C 
004A11F0 000000F4 
00491FC4 00000304 
004931EC 0000023C 
004A11F0 000000F4 
00491FC4 00000304 
004931EC 0000023C 
004A11F0 000000F4 
00491FC4 00000304 
004931EC 0000023C 
004A11F0 000000F4 
00491FC4 00000304 
004931EC 0000023C 
004A11F0 000000F4 
00491FC4 00000304 
004931EC 0000023C 
004A11F0 000000F4 
00491FC4 00000304 
004931EC 0000023C 
004A11F0 000000F4 
00491FC4 00000304 
004931EC 0000023C 
004A11F0 000000F4 
00491FC4 00000304 
004931EC 0000023C 
004A11F0 000000F4 
00491FC4 00000304 
004931EC 0000023C 
004A11F0 000000F4 
00491FC4 00000304 
004931EC 0000023C 
004A11F0 000000F4 
00491FC4 00000304 
004931EC 0000023C 
004A11F0 000000F4 
00491FC4 00000304 
004931EC 0000023C 
004A11F0 000000F4 
00491FC4 00000304 
004931EC 0000023C 
004A11F0 000000F4 
00491FC4 00000304 
004931EC 0000023C 
004A11F0 000000F4 
00491FC4 00000304 
004931EC 0000023C 
004A11F0 000000F4 
00491FC4 00000304 
004A11F0 000000F4 
00491FC4 00000304 
004931EC 0000023C 
004A11F0 000000F4 
00491FC4 00000304 
004931EC 0000023C 
004A11F0 000000F4 
00491FC4 00000304 
004931EC 0000023C 
004A11F0 000000F4 
00491FC4 00000304 
004931EC 0000023C 
004A11F0 000000F4 
00491FC4 00000304 
004931EC 0000023C 
004A11F0 000000F4 
00491FC4 00000304 
004931EC 0000023C 
004A11F0 000000F4 
00491FC4 00000304 
004931EC 0000023C 
004A11F0 000000F4 
00491FC4 00000304 
004931EC 0000023C 
004A11F0 000000F4 
00491FC4 00000304 
004931EC 0000023C 
004A11F0 000000F4 
00491FC4 00000304 
004931EC 0000023C 
004A11F0 000000F4 
00491FC4 00000304 
004931EC 0000023C 
004A11F0 000000F4 
00491FC4 00000304 
004931EC 0000023C 
004A11F0 000000F4 
00491FC4 00000304 
004931EC 0000023C 
004A11F0 000000F4 
00491FC4 00000304 
004931EC 0000023C 
004A11F0 000000F4 
00491FC4 00000304 
004931EC 0000023C 
004A11F0 000000F4 
00491FC4 00000304 
004931EC 0000023C 
004A11F0 000000F4 
00491FC4 00000304 
004931EC 0000023C 
004A11F0 000000F4 
00491FC4 00000304 
004931EC 0000023C 
004A11F0 000000F4 
00491FC4 00000304 
004931EC 0000023C 
004A11F0 000000F4 
00491FC4 00000304 
004931EC 0000023C 
004A11F0 000000F4 
00491FC4 00000304 
004931EC 0000023C 
004A11F0 000000F4 
00491FC4 00000304 
004931EC 0000023C 
004A11F0 000000F4 
00491FC4 00000304 
004931EC 0000023C 
004A11F0 000000F4 
00491FC4 00000304 
004931EC 0000023C 
004A11F0 000000F4 
00491FC4 00000304 
004931EC 0000023C 
004A11F0 000000F4 
00491FC4 00000304 
004931EC 0000023C 
004A11F0 000000F4 
00491FC4 00000304 
004931EC 0000023C 
004A11F0 000000F4 
00491FC4 00000304 
004931EC 0000023C 
004A11F0 000000F4 
00491FC4 00000304 
004931EC 0000023C 
004A11F0 000000F4 
00491FC4 00000304 
004931EC 0000023C 
004A11F0 000000F4 
00491FC4 00000304 
004931EC 0000023C 
004A11F0 000000F4 
00491FC4 00000304 
004931EC 0000023C 
004A11F0 000000F4 
00491FC4 00000304 
004931EC 0000023C 
004A11F0 000000F4 
00491FC4 00000304 
004931EC 0000023C 
004A11F0 000000F4 
00491FC4 00000304 
004931EC 0000023C 
004A11F0 000000F4 
00491FC4 00000304 
004931EC 0000023C 
004A11F0 000000F4 
00491FC4 00000304 
004931EC 0000023C 
004A11F0 000000F4 
00491FC4 00000304 
004931EC 0000023C 
004A11F0 000000F4 
00491FC4 00000304 
004931EC 0000023C 
004A11F0 000000F4 
00491FC4 00000304 
004931EC 0000023C 
004A11F0 000000F4 
00491FC4 00000304 
004931EC 0000023C 
004A11F0 000000F4 
00491FC4 00000304 
004931EC 0000023C 
004A11F0 000000F4 
00491FC4 00000304 
004931EC 0000023C 
004A11F0 000000F4 
00491FC4 00000304 
004931EC 0000023C 
004A11F0 000000F4 
00491FC4 00000304 
004931EC 0000023C 
004A11F0 000000F4 
00491FC4 00000304 
004931EC 0000023C 
004A11F0 000000F4 
00491FC4 00000304 
004931EC 0000023C 
004A11F0 000000F4 
00491FC4 00000304 
004931EC 0000023C 
004A11F0 000000F4 
00491FC4 00000304 
004931EC 0000023C 
004A11F0 000000F4 
00491FC4 00000304 
004931EC 0000023C 
004A11F0 000000F4 
00491FC4 00000304 
004931EC 0000023C 
004A11F0 000000F4 
00491FC4 00000304 
004931EC 0000023C 
004A11F0 000000F4 
00491FC4 00000304 
004931EC 0000023C 
004A11F0 000000F4 
00491FC4 00000304 
004931EC 0000023C 
004A11F0 000000F4 
00491FC4 00000304 
004931EC 0000023C 
004A11F0 000000F4 
00491FC4 00000304 
004931EC 0000023C 
004A11F0 000000F4 
00491FC4 00000304 
004931EC 0000023C 
004A11F0 000000F4 
00491FC4 00000304 
004931EC 0000023C 
004A11F0 000000F4 
00491FC4 00000304 
004931EC 0000023C 
004A11F0 000000F4 
00491FC4 00000304 
004931EC 0000023C 
004A11F0 000000F4 
00491FC4 00000304 
004931EC 0000023C 
004A11F0 000000F4 
00491FC4 00000304 
004931EC 0000023C 
004A11F0 000000F4 
00491FC4 00000304 
004931EC 0000023C 
004A11F0 000000F4 
00491FC4 00000304 
004931EC 0000023C 
004A11F0 000000F4 
00491FC4 00000304 
004931EC 0000023C 
004A11F0 000000F4 
00491FC4 00000304 
004931EC 0000023C 
004A11F0 000000F4 
00491FC4 00000304 
004931EC 0000023C 
004A11F0 000000F4 
00491FC4 00000304 
004931EC 0000023C 
004A11F0 000000F4 
00491FC4 00000304 
004931EC 0000023C 
004A11F0 000000F4 
00491FC4 00000304 
004931EC 0000023C 
004A11F0 000000F4 
00491FC4 00000304 
004931EC 0000023C 
004A11F0 000000F4 
00491FC4 00000304 
004931EC 0000023C 
004A11F0 000000F4 
00491FC4 00000304 
004931EC 0000023C 
004A11F0 000000F4 
00491FC4 00000304 
004931EC 0000023C 
004A11F0 000000F4 
00491FC4 00000304 
004931EC 0000023C 
004A11F0 000000F4 
00491FC4 00000304 
004931EC 0000023C 
004A11F0 000000F4 
00491FC4 00000304 
004931EC 0000023C 
004A11F0 000000F4 
00491FC4 00000304 
004931EC 0000023C 
004A11F0 000000F4 
00491FC4 00000304 
004931EC 0000023C 
004A11F0 000000F4 
00491FC4 00000304 
004931EC 0000023C 
004A11F0 000000F4 
00491FC4 00000304 
004931EC 0000023C 
004A11F0 000000F4 
00491FC4 00000304 
004931EC 0000023C 
004A11F0 000000F4 
00491FC4 00000304 
004931EC 0000023C 
004A11F0 000000F4 
00491FC4 00000304 
004931EC 0000023C 
004A11F0 000000F4 
00491FC4 00000304 
004931EC 0000023C 
004A11F0 000000F4 
00491FC4 00000304 
004931EC 0000023C 
004A11F0 000000F4 
00491FC4 00000304 
004931EC 0000023C 
004A11F0 000000F4 
00491FC4 00000304 
004931EC 0000023C 
004A11F0 000000F4 
00491FC4 00000304 
004931EC 0000023C 
004A11F0 000000F4 
00491FC4 00000304 
004931EC 0000023C 
004A11F0 000000F4 
00491FC4 00000304 
004931EC 0000023C 
004A11F0 000000F4 
00491FC4 00000304 
004931EC 0000023C 
004A11F0 000000F4 
00491FC4 00000304 
004931EC 0000023C 
004A11F0 000000F4 
00491FC4 00000304 
004931EC 0000023C 
004A11F0 000000F4 
00491FC4 00000304 
004931EC 0000023C 
004A11F0 000000F4 
00491FC4 00000304 
004931EC 0000023C 
004A11F0 000000F4 
00491FC4 00000304 
004931EC 0000023C 
004A11F0 000000F4 
00491FC4 00000304 
004931EC 0000023C 
004A11F0 000000F4 
00491FC4 00000304 
004931EC 0000023C 
004A11F0 000000F4 
00491FC4 00000304 
004931EC 0000023C 
004A11F0 000000F4 
00491FC4 00000304 
004931EC 0000023C 
004A11F0 000000F4 
00491FC4 00000304 
004931EC 0000023C 
004A11F0 000000F4 
00491FC4 00000304 
004931EC 0000023C 
004A11F0 000000F4 
00491FC4 00000304 
004931EC 0000023C 
004A11F0 000000F4 
00491FC4 00000304 
004931EC 0000023C 
004A11F0 000000F4 
00491FC4 00000304 
004931EC 0000023C 
004A11F0 000000F4 
00491FC4 00000304 
004931EC 0000023C 
004A11F0 000000F4 
00491FC4 00000304 
004931EC 0000023C 
004A11F0 000000F4 
00491FC4 00000304 
004931EC 0000023C 
004A11F0 000000F4 
00491FC4 00000304 
004931EC 0000023C 
004A11F0 000000F4 
00491FC4 00000304 
004931EC 0000023C 
004A11F0 000000F4 
00491FC4 00000304 
004931EC 0000023C 
004A11F0 000000F4 
00491FC4 00000304 
004931EC 0000023C 
004A11F0 000000F4 
00491FC4 00000304 
004931EC 0000023C 
004A11F0 000000F4 
00491FC4 00000304 
004931EC 0000023C 
004A11F0 000000F4 
00491FC4 00000304 
004931EC 0000023C 
004A11F0 000000F4 
00491FC4 00000304 
004931EC 0000023C 
004A11F0 000000F4 
00491FC4 00000304 
004931EC 0000023C 
004A11F0 000000F4 
00491FC4 00000304 
004931EC 0000023C 
004A11F0 000000F4 
00491FC4 00000304 
004931EC 0000023C 
004A11F0 000000F4 
00491FC4 00000304 
004931EC 0000023C 
004A11F0 000000F4 
00491FC4 00000304 
004931EC 0000023C 
004A11F0 000000F4 
00491FC4 00000304 
004931EC 0000023C 
004A11F0 000000F4 
00491FC4 00000304 
004931EC 0000023C 
004A11F0 000000F4 
00491FC4 00000304 
004931EC 0000023C 
004A11F0 000000F4 
00491FC4 00000304 
004931EC 0000023C 
004A11F0 000000F4 
00491FC4 00000304 
004931EC 0000023C 
004A11F0 000000F4 
00491FC4 00000304 
004931EC 0000023C 
004A11F0 000000F4 
00491FC4 00000304 
004931EC 0000023C 
004A11F0 000000F4 
00491FC4 00000304 
004931EC 0000023C 
004A11F0 000000F4 
00491FC4 00000304 
004931EC 0000023C 
004A11F0 000000F4 
00491FC4 00000304 
004931EC 0000023C 
004A11F0 000000F4 
00491FC4 00000304 
004931EC 0000023C 
004A11F0 000000F4 
00491FC4 00000304 
004931EC 0000023C 
004A11F0 000000F4 
00491FC4 00000304 
004931EC 0000023C 
004A11F0 000000F4 
00491FC4 00000304 
004931EC 0000023C 
004A11F0 000000F4 
00491FC4 00000304 
004931EC 0000023C 
004A11F0 000000F4 
00491FC4 00000304 
004931EC 0000023C 
004A11F0 000000F4 
00491FC4 00000304 
004931EC 0000023C 
004A11F0 000000F4 
00491FC4 00000304 
004931EC 0000023C 
004A11F0 000000F4 
00491FC4 00000304 
004931EC 0000023C 
004A11F0 000000F4 
00491FC4 00000304 
004931EC 0000023C 
004A11F0 000000F4 
00491FC4 00000304 
004931EC 0000023C 
004A11F0 000000F4 
00491FC4 00000304 
004931EC 0000023C 
004A11F0 000000F4 
00491FC4 00000304 
004931EC 0000023C 
004A11F0 000000F4 
00491FC4 00000304 
004931EC 0000023C 
004A11F0 000000F4 
00491FC4 00000304 
004931EC 0000023C 
004A11F0 000000F4 
00491FC4 00000304 
004931EC 0000023C 
004A11F0 000000F4 
00491FC4 00000304 
004931EC 0000023C 
004A11F0 000000F4 
00491FC4 00000304 
004931EC 0000023C 
004A11F0 000000F4 
00491FC4 00000304 
004931EC 0000023C 
004A11F0 000000F4 
00491FC4 00000304 
004931EC 0000023C 
004A11F0 000000F4 
00491FC4 00000304 
004931EC 0000023C 
004A11F0 000000F4 
00491FC4 00000304 
004931EC 0000023C 
004A11F0 000000F4 
00491FC4 00000304 
004931EC 0000023C 
004A11F0 000000F4 
00491FC4 00000304 
004931EC 0000023C 
004A11F0 000000F4 
00491FC4 00000304 
004931EC 0000023C 
004A11F0 000000F4 
00491FC4 00000304 
004931EC 0000023C 
004A11F0 000000F4 
00491FC4 00000304 
004931EC 0000023C 
004A11F0 000000F4 
00491FC4 00000304 
004931EC 0000023C 
004A11F0 000000F4 
00491FC4 00000304 
004931EC 0000023C 
004A11F0 000000F4 
00491FC4 00000304 
004931EC 0000023C 
004A11F0 000000F4 
00491FC4 00000304 
004931EC 0000023C 
004A11F0 000000F4 
00491FC4 00000304 
004931EC 0000023C 
004A11F0 000000F4 
00491FC4 00000304 
004931EC 0000023C 
004A11F0 000000F4 
00491FC4 00000304 
004931EC 0000023C 
004A11F0 000000F4 
00491FC4 00000304 
004931EC 0000023C 
004A11F0 000000F4 
00491FC4 00000304 
004931EC 0000023C 
004A11F0 000000F4 
00491FC4 00000304 
004931EC 0000023C 
004A11F0 000000F4 
00491FC4 00000304 
004931EC 0000023C 
004A11F0 000000F4 
00491FC4 00000304 
004931EC 0000023C 
004A11F0 000000F4 
00491FC4 00000304 
004931EC 0000023C 
004A11F0 000000F4 
00491FC4 00000304 
004931EC 0000023C 
004A11F0 000000F4 
00491FC4 00000304 
004931EC 0000023C 
004A11F0 000000F4 
00491FC4 00000304 
004931EC 0000023C 
004A11F0 000000F4 
00491FC4 00000304 
004931EC 0000023C 
004A11F0 000000F4 
00491FC4 00000304 
004931EC 0000023C 
004A11F0 000000F4 
00491FC4 00000304 
004931EC 0000023C 
004A11F0 000000F4 
00491FC4 00000304 
004931EC 0000023C 
004A11F0 000000F4 
00491FC4 00000304 
004931EC 0000023C 
004A11F0 000000F4 
00491FC4 00000304 
004931EC 0000023C 
004A11F0 000000F4 
00491FC4 00000304 
004931EC 0000023C 
004A11F0 000000F4 
00491FC4 00000304 
004931EC 0000023C 
004A11F0 000000F4 
00491FC4 00000304 
004931EC 0000023C 
004A11F0 000000F4 
00491FC4 00000304 
004931EC 0000023C 
004A11F0 000000F4 
00491FC4 00000304 
004931EC 0000023C 
004A11F0 000000F4 
00491FC4 00000304 
004931EC 0000023C 
004A11F0 000000F4 
00491FC4 00000304 
004931EC 0000023C 
004A11F0 000000F4 
00491FC4 00000304 
004931EC 0000023C 
004A11F0 000000F4 
00491FC4 00000304 
004931EC 0000023C 
004A11F0 000000F4 
00491FC4 00000304 
004931EC 0000023C 
004A11F0 000000F4 
00491FC4 00000304 
004931EC 0000023C 
004A11F0 000000F4 
00491FC4 00000304 
004931EC 0000023C 
004A11F0 000000F4 
00491FC4 00000304 
004931EC 0000023C 
004A11F0 000000F4 
00491FC4 00000304 
004931EC 0000023C 
004A11F0 000000F4 
00491FC4 00000304 
004931EC 0000023C 
004A11F0 000000F4 
00491FC4 00000304 
004931EC 0000023C 
004A11F0 000000F4 
00491FC4 00000304 
004931EC 0000023C 
004A11F0 000000F4 
00491FC4 00000304 
004931EC 0000023C 
004A11F0 000000F4 
00491FC4 00000304 
004931EC 0000023C 
004A11F0 000000F4 
00491FC4 00000304 
004931EC 0000023C 
004A11F0 000000F4 
00491FC4 00000304 
004931EC 0000023C 
004A11F0 000000F4 
00491FC4 00000304 
004931EC 0000023C 
004A11F0 000000F4 
00491FC4 00000304 
004931EC 0000023C 
004A11F0 000000F4 
00491FC4 00000304 
004931EC 0000023C 
004A11F0 000000F4 
00491FC4 00000304 
004931EC 0000023C 
004A11F0 000000F4 
00491FC4 00000304 
004931EC 0000023C 
004A11F0 000000F4 
00491FC4 00000304 
004931EC 0000023C 
004A11F0 000000F4 
00491FC4 00000304 
004931EC 0000023C 
004A11F0 000000F4 
00491FC4 00000304 
004931EC 0000023C 
004A11F0 000000F4 
00491FC4 00000304 
004931EC 0000023C 
004A11F0 000000F4 
00491FC4 00000304 
004931EC 0000023C 
004A11F0 000000F4 
00491FC4 00000304 
004931EC 0000023C 
004A11F0 000000F4 
00491FC4 00000304 
004931EC 0000023C 
004A11F0 000000F4 
00491FC4 00000304 
004931EC 0000023C 
004A11F0 000000F4 
00491FC4 00000304 
004931EC 0000023C 
004A11F0 000000F4 
00491FC4 00000304 
004931EC 0000023C 
004A11F0 000000F4 
00491FC4 00000304 
004931EC 0000023C 
004A11F0 000000F4 
00491FC4 00000304 
004931EC 0000023C 
004A11F0 000000F4 
00491FC4 00000304 
004931EC 0000023C 
004A11F0 000000F4 
00491FC4 00000304 
004931EC 0000023C 
004A11F0 000000F4 
00491FC4 00000304 
004931EC 0000023C 
004A11F0 000000F4 
00491FC4 00000304 
004931EC 0000023C 
004A11F0 000000F4 
00491FC4 00000304 
004931EC 0000023C 
004A11F0 000000F4 
00491FC4 00000304 
004931EC 0000023C 
004A11F0 000000F4 
00491FC4 00000304 
004931EC 0000023C 
004A11F0 000000F4 
00491FC4 00000304 
004931EC 0000023C 
004931EC 0000023C 
004A11F0 000000F4 
00491FC4 00000304 
004931EC 0000023C 
004A11F0 000000F4 
00491FC4 00000304 
004931EC 0000023C 
004A11F0 000000F4 
00491FC4 00000304 
004931EC 0000023C 
004A11F0 000000F4 
00491FC4 00000304 
004931EC 0000023C 
004A11F0 000000F4 
00491FC4 00000304 
004931EC 0000023C 
004A11F0 000000F4 
00491FC4 00000304 
004A11F0 000000F4 
00491FC4 00000304 
004931EC 0000023C 
004A11F0 000000F4 
00491FC4 00000304 
004931EC 0000023C 
004A11F0 000000F4 
00491FC4 00000304 
004931EC 0000023C 
004931EC 0000023C 
004A11F0 000000F4 
00491FC4 00000304 
004A11F0 000000F4 
00491FC4 00000304 
004931EC 0000023C 
004931EC 0000023C 
004A11F0 000000F4 
004A11F0 000000F4 
00491FC4 00000304 
004931EC 0000023C 
00491FC4 00000304 
004931EC 0000023C 
004A11F0 000000F4 
00491FC4 00000304 
004931EC 0000023C 
004A11F0 000000F4 
00491FC4 00000304 
004931EC 0000023C 
004A11F0 000000F4 
00491FC4 00000304 
004931EC 0000023C 
004A11F0 000000F4 
00491FC4 00000304 
004931EC 0000023C 
004A11F0 000000F4 
00491FC4 00000304 
004931EC 0000023C 
004A11F0 000000F4 
00491FC4 00000304 
004931EC 0000023C 
004A11F0 000000F4 
00491FC4 00000304 
004931EC 0000023C 
004A11F0 000000F4 
00491FC4 00000304 
004931EC 0000023C 
004A11F0 000000F4 
00491FC4 00000304 
004931EC 0000023C 
004A11F0 000000F4 
00491FC4 00000304 
004931EC 0000023C 
004A11F0 000000F4 
00491FC4 00000304 
004931EC 0000023C 
004A11F0 000000F4 
00491FC4 00000304 
004931EC 0000023C 
004A11F0 000000F4 
00491FC4 00000304 
004931EC 0000023C 
004A11F0 000000F4 
00491FC4 00000304 
004931EC 0000023C 
004A11F0 000000F4 
00491FC4 00000304 
004931EC 0000023C 
004A11F0 000000F4 
00491FC4 00000304 
004931EC 0000023C 
004A11F0 000000F4 
00491FC4 00000304 
004931EC 0000023C 
004A11F0 000000F4 
00491FC4 00000304 
004931EC 0000023C 
004A11F0 000000F4 
00491FC4 00000304 
004931EC 0000023C 
004A11F0 000000F4 
00491FC4 00000304 
004931EC 0000023C 
004A11F0 000000F4 
00491FC4 00000304 
004931EC 0000023C 
004A11F0 000000F4 
00491FC4 00000304 
004931EC 0000023C 
004A11F0 000000F4 
00491FC4 00000304 
004931EC 0000023C 
004A11F0 000000F4 
00491FC4 00000304 
004931EC 0000023C 
004A11F0 000000F4 
00491FC4 00000304 
004931EC 0000023C 
004A11F0 000000F4 
00491FC4 00000304 
004931EC 0000023C 
004A11F0 000000F4 
00491FC4 00000304 
004931EC 0000023C 
004A11F0 000000F4 
00491FC4 00000304 
004931EC 0000023C 
004A11F0 000000F4 
00491FC4 00000304 
004931EC 0000023C 
004A11F0 000000F4 
00491FC4 00000304 
004931EC 0000023C 
004A11F0 000000F4 
00491FC4 00000304 
004931EC 0000023C 
004A11F0 000000F4 
00491FC4 00000304 
004931EC 0000023C 
004A11F0 000000F4 
00491FC4 00000304 
004931EC 0000023C 
004A11F0 000000F4 
00491FC4 00000304 
004931EC 0000023C 
004A11F0 000000F4 
00491FC4 00000304 
004931EC 0000023C 
004A11F0 000000F4 
00491FC4 00000304 
004931EC 0000023C 
004A11F0 000000F4 
00491FC4 00000304 
004931EC 0000023C 
004A11F0 000000F4 
00491FC4 00000304 
004931EC 0000023C 
004A11F0 000000F4 
00491FC4 00000304 
004931EC 0000023C 
004A11F0 000000F4 
00491FC4 00000304 
004931EC 0000023C 
004A11F0 000000F4 
00491FC4 00000304 
004931EC 0000023C 
004A11F0 000000F4 
00491FC4 00000304 
004931EC 0000023C 
004A11F0 000000F4 
00491FC4 00000304 
004931EC 0000023C 
004A11F0 000000F4 
00491FC4 00000304 
004931EC 0000023C 
004A11F0 000000F4 
00491FC4 00000304 
004931EC 0000023C 
004A11F0 000000F4 
00491FC4 00000304 
004931EC 0000023C 
004A11F0 000000F4 
00491FC4 00000304 
004931EC 0000023C 
004A11F0 000000F4 
00491FC4 00000304 
004931EC 0000023C 
004A11F0 000000F4 
00491FC4 00000304 
004931EC 0000023C 
004A11F0 000000F4 
00491FC4 00000304 
004931EC 0000023C 
004A11F0 000000F4 
00491FC4 00000304 
004931EC 0000023C 
004A11F0 000000F4 
00491FC4 00000304 
004931EC 0000023C 
004A11F0 000000F4 
00491FC4 00000304 
004931EC 0000023C 
004A11F0 000000F4 
00491FC4 00000304 
004931EC 0000023C 
004A11F0 000000F4 
00491FC4 00000304 
004931EC 0000023C 
004A11F0 000000F4 
00491FC4 00000304 
004931EC 0000023C 
004A11F0 000000F4 
00491FC4 00000304 
004931EC 0000023C 
004A11F0 000000F4 
00491FC4 00000304 
004931EC 0000023C 
004A11F0 000000F4 
00491FC4 00000304 
004931EC 0000023C 
004A11F0 000000F4 
00491FC4 00000304 
004931EC 0000023C 
004A11F0 000000F4 
00491FC4 00000304 
004931EC 0000023C 
004A11F0 000000F4 
00491FC4 00000304 
004931EC 0000023C 
004A11F0 000000F4 
00491FC4 00000304 
004931EC 0000023C 
004A11F0 000000F4 
00491FC4 00000304 
004931EC 0000023C 
004A11F0 000000F4 
00491FC4 00000304 
004931EC 0000023C 
004A11F0 000000F4 
00491FC4 00000304 
004931EC 0000023C 
004A11F0 000000F4 
00491FC4 00000304 
004931EC 0000023C 
004A11F0 000000F4 
00491FC4 00000304 
004931EC 0000023C 
004A11F0 000000F4 
00491FC4 00000304 
004931EC 0000023C 
004A11F0 000000F4 
00491FC4 00000304 
004931EC 0000023C 
004A11F0 000000F4 
00491FC4 00000304 
004931EC 0000023C 
004A11F0 000000F4 
00491FC4 00000304 
004931EC 0000023C 
004A11F0 000000F4 
00491FC4 00000304 
004931EC 0000023C 
004A11F0 000000F4 
00491FC4 00000304 
004931EC 0000023C 
004A11F0 000000F4 
00491FC4 00000304 
004931EC 0000023C 
004A11F0 000000F4 
00491FC4 00000304 
004931EC 0000023C 
004A11F0 000000F4 
00491FC4 00000304 
004931EC 0000023C 
004A11F0 000000F4 
00491FC4 00000304 
004931EC 0000023C 
004A11F0 000000F4 
00491FC4 00000304 
004931EC 0000023C 
004A11F0 000000F4 
00491FC4 00000304 
004931EC 0000023C 
004A11F0 000000F4 
00491FC4 00000304 
004931EC 0000023C 
004A11F0 000000F4 
00491FC4 00000304 
004931EC 0000023C 
004A11F0 000000F4 
00491FC4 00000304 
004931EC 0000023C 
004A11F0 000000F4 
00491FC4 00000304 
004931EC 0000023C 
004A11F0 000000F4 
00491FC4 00000304 
004931EC 0000023C 
004A11F0 000000F4 
00491FC4 00000304 
004931EC 0000023C 
004A11F0 000000F4 
00491FC4 00000304 
004931EC 0000023C 
004A11F0 000000F4 
00491FC4 00000304 
004931EC 0000023C 
004A11F0 000000F4 
00491FC4 00000304 
004931EC 0000023C 
004A11F0 000000F4 
00491FC4 00000304 
004931EC 0000023C 
004A11F0 000000F4 
00491FC4 00000304 
004931EC 0000023C 
004A11F0 000000F4 
00491FC4 00000304 
004931EC 0000023C 
004A11F0 000000F4 
00491FC4 00000304 
004931EC 0000023C 
004A11F0 000000F4 
00491FC4 00000304 
004931EC 0000023C 
004A11F0 000000F4 
00491FC4 00000304 
004931EC 0000023C 
004A11F0 000000F4 
00491FC4 00000304 
004931EC 0000023C 
004A11F0 000000F4 
00491FC4 00000304 
004931EC 0000023C 
004A11F0 000000F4 
00491FC4 00000304 
004931EC 0000023C 
004A11F0 000000F4 
00491FC4 00000304 
004931EC 0000023C 
004A11F0 000000F4 
00491FC4 00000304 
004931EC 0000023C 
004A11F0 000000F4 
00491FC4 00000304 
004931EC 0000023C 
004A11F0 000000F4 
00491FC4 00000304 
004931EC 0000023C 
004A11F0 000000F4 
00491FC4 00000304 
004931EC 0000023C 
004A11F0 000000F4 
00491FC4 00000304 
004931EC 0000023C 
004A11F0 000000F4 
00491FC4 00000304 
004931EC 0000023C 
004A11F0 000000F4 
00491FC4 00000304 
004931EC 0000023C 
004A11F0 000000F4 
00491FC4 00000304 
004931EC 0000023C 
004A11F0 000000F4 
00491FC4 00000304 
004931EC 0000023C 
004A11F0 000000F4 
00491FC4 00000304 
004931EC 0000023C 
004A11F0 000000F4 
00491FC4 00000304 
004931EC 0000023C 
004A11F0 000000F4 
00491FC4 00000304 
004931EC 0000023C 
004A11F0 000000F4 
00491FC4 00000304 
004931EC 0000023C 
004A11F0 000000F4 
00491FC4 00000304 
004931EC 0000023C 
004A11F0 000000F4 
00491FC4 00000304 
004931EC 0000023C 
004A11F0 000000F4 
00491FC4 00000304 
004931EC 0000023C 
004A11F0 000000F4 
00491FC4 00000304 
004931EC 0000023C 
004A11F0 000000F4 
00491FC4 00000304 
004931EC 0000023C 
004A11F0 000000F4 
00491FC4 00000304 
004931EC 0000023C 
004A11F0 000000F4 
00491FC4 00000304 
004931EC 0000023C 
004A11F0 000000F4 
00491FC4 00000304 
004931EC 0000023C 
004A11F0 000000F4 
00491FC4 00000304 
004931EC 0000023C 
004A11F0 000000F4 
00491FC4 00000304 
004931EC 0000023C 
004A11F0 000000F4 
00491FC4 00000304 
004931EC 0000023C 
004A11F0 000000F4 
00491FC4 00000304 
004931EC 0000023C 
004A11F0 000000F4 
00491FC4 00000304 
004931EC 0000023C 
004A11F0 000000F4 
00491FC4 00000304 
004931EC 0000023C 
004A11F0 000000F4 
00491FC4 00000304 
004931EC 0000023C 
004A11F0 000000F4 
00491FC4 00000304 
004931EC 0000023C 
004A11F0 000000F4 
00491FC4 00000304 
004931EC 0000023C 
004A11F0 000000F4 
00491FC4 00000304 
004931EC 0000023C 
004A11F0 000000F4 
00491FC4 00000304 
004931EC 0000023C 
004A11F0 000000F4 
00491FC4 00000304 
004931EC 0000023C 
004A11F0 000000F4 
00491FC4 00000304 
004931EC 0000023C 
004A11F0 000000F4 
00491FC4 00000304 
004931EC 0000023C 
004A11F0 000000F4 
00491FC4 00000304 
004931EC 0000023C 
004A11F0 000000F4 
00491FC4 00000304 
004931EC 0000023C 
004A11F0 000000F4 
00491FC4 00000304 
004931EC 0000023C 
004A11F0 000000F4 
00491FC4 00000304 
004931EC 0000023C 
004A11F0 000000F4 
00491FC4 00000304 
004931EC 0000023C 
004A11F0 000000F4 
00491FC4 00000304 
004931EC 0000023C 
004A11F0 000000F4 
00491FC4 00000304 
004931EC 0000023C 
004A11F0 000000F4 
00491FC4 00000304 
004931EC 0000023C 
004A11F0 000000F4 
00491FC4 00000304 
004931EC 0000023C 
004A11F0 000000F4 
00491FC4 00000304 
004931EC 0000023C 
004A11F0 000000F4 
00491FC4 00000304 
004931EC 0000023C 
004A11F0 000000F4 
00491FC4 00000304 
004931EC 0000023C 
004A11F0 000000F4 
00491FC4 00000304 
004931EC 0000023C 
004A11F0 000000F4 
00491FC4 00000304 
004931EC 0000023C 
004A11F0 000000F4 
00491FC4 00000304 
004931EC 0000023C 
004A11F0 000000F4 
00491FC4 00000304 
004931EC 0000023C 
004A11F0 000000F4 
00491FC4 00000304 
004931EC 0000023C 
004A11F0 000000F4 
00491FC4 00000304 
004931EC 0000023C 
004A11F0 000000F4 
00491FC4 00000304 
004931EC 0000023C 
004A11F0 000000F4 
00491FC4 00000304 
004931EC 0000023C 
004A11F0 000000F4 
00491FC4 00000304 
004931EC 0000023C 
004A11F0 000000F4 
00491FC4 00000304 
004931EC 0000023C 
004A11F0 000000F4 
00491FC4 00000304 
004931EC 0000023C 
004A11F0 000000F4 
00491FC4 00000304 
004931EC 0000023C 
004A11F0 000000F4 
00491FC4 00000304 
004931EC 0000023C 
004A11F0 000000F4 
00491FC4 00000304 
004931EC 0000023C 
004A11F0 000000F4 
00491FC4 00000304 
004931EC 0000023C 
004A11F0 000000F4 
00491FC4 00000304 
004931EC 0000023C 
004A11F0 000000F4 
00491FC4 00000304 
004931EC 0000023C 
004A11F0 000000F4 
00491FC4 00000304 
004931EC 0000023C 
004A11F0 000000F4 
00491FC4 00000304 
004931EC 0000023C 
004A11F0 000000F4 
00491FC4 00000304 
004931EC 0000023C 
004A11F0 000000F4 
00491FC4 00000304 
004931EC 0000023C 
004A11F0 000000F4 
00491FC4 00000304 
004931EC 0000023C 
004A11F0 000000F4 
00491FC4 00000304 
004931EC 0000023C 
004A11F0 000000F4 
00491FC4 00000304 
004931EC 0000023C 
004A11F0 000000F4 
00491FC4 00000304 
004931EC 0000023C 
004A11F0 000000F4 
00491FC4 00000304 
004931EC 0000023C 
004A11F0 000000F4 
00491FC4 00000304 
004931EC 0000023C 
004A11F0 000000F4 
00491FC4 00000304 
004931EC 0000023C 
004A11F0 000000F4 
00491FC4 00000304 
004931EC 0000023C 
004A11F0 000000F4 
00491FC4 00000304 
004931EC 0000023C 
004A11F0 000000F4 
00491FC4 00000304 
004931EC 0000023C 
004A11F0 000000F4 
00491FC4 00000304 
004931EC 0000023C 
004A11F0 000000F4 
00491FC4 00000304 
004931EC 0000023C 
004A11F0 000000F4 
00491FC4 00000304 
004931EC 0000023C 
004A11F0 000000F4 
00491FC4 00000304 
004931EC 0000023C 
004A11F0 000000F4 
00491FC4 00000304 
004931EC 0000023C 
004A11F0 000000F4 
00491FC4 00000304 
004931EC 0000023C 
004A11F0 000000F4 
00491FC4 00000304 
004931EC 0000023C 
004A11F0 000000F4 
00491FC4 00000304 
004931EC 0000023C 
004A11F0 000000F4 
00491FC4 00000304 
004931EC 0000023C 
004A11F0 000000F4 
00491FC4 00000304 
004931EC 0000023C 
004A11F0 000000F4 
00491FC4 00000304 
004931EC 0000023C 
004A11F0 000000F4 
00491FC4 00000304 
004931EC 0000023C 
004A11F0 000000F4 
00491FC4 00000304 
004931EC 0000023C 
004FE110 00000104 
005314B8 00000748 
00531C08 00000304 
004FE218 000000DC 
00531F10 00000133 


DOS memory blocks
=================

 sel   base    length 
----------------------


Protected mode interrupt vectors
================================

No sel   offset 
----------------
02 01A7 00490FCD 
08 01A7 0044C1F0 
09 01A7 0044C272 
0F 01A7 0044C2E8 
23 01A7 0048BAE0 
24 01A7 0044BABC 


Protected mode exception vectors
================================

No sel   offset 
----------------


Real mode interrupt vectors
===========================

No seg offset
-------------
43 C000 0100 


Call-Backs
==========

  real        target
-----------------------
