inv.c(237): Warning! W102: Type mismatch (warning)
inv.c(237): Note! I2003: source conversion type is 'void *'
inv.c(237): Note! I2004: target conversion type is 'int '
inv.c(237): Note! I2002: 'play_sample' defined in: c:\watcom\H\allegro\digi.h(151)
inv.c(257): Warning! W102: Type mismatch (warning)
inv.c(257): Note! I2003: source conversion type is 'void *'
inv.c(257): Note! I2004: target conversion type is 'int '
inv.c(257): Note! I2002: 'play_sample' defined in: c:\watcom\H\allegro\digi.h(151)
inv.c(273): Warning! W102: Type mismatch (warning)
inv.c(273): Note! I2003: source conversion type is 'void *'
inv.c(273): Note! I2004: target conversion type is 'int '
inv.c(273): Note! I2002: 'play_sample' defined in: c:\watcom\H\allegro\digi.h(151)
inv.c(281): Warning! W102: Type mismatch (warning)
inv.c(281): Note! I2003: source conversion type is 'void *'
inv.c(281): Note! I2004: target conversion type is 'int '
inv.c(281): Note! I2002: 'play_sample' defined in: c:\watcom\H\allegro\digi.h(151)
inv.c(297): Warning! W102: Type mismatch (warning)
inv.c(297): Note! I2003: source conversion type is 'void *'
inv.c(297): Note! I2004: target conversion type is 'int '
inv.c(297): Note! I2002: 'play_sample' defined in: c:\watcom\H\allegro\digi.h(151)
inv.c(303): Warning! W102: Type mismatch (warning)
inv.c(303): Note! I2003: source conversion type is 'void *'
inv.c(303): Note! I2004: target conversion type is 'int '
inv.c(303): Note! I2002: 'play_sample' defined in: c:\watcom\H\allegro\digi.h(151)
inv.c(317): Warning! W102: Type mismatch (warning)
inv.c(317): Note! I2003: source conversion type is 'void *'
inv.c(317): Note! I2004: target conversion type is 'int '
inv.c(317): Note! I2002: 'play_sample' defined in: c:\watcom\H\allegro\digi.h(151)
inv.c(332): Warning! W102: Type mismatch (warning)
inv.c(332): Note! I2003: source conversion type is 'void *'
inv.c(332): Note! I2004: target conversion type is 'int '
inv.c(332): Note! I2002: 'play_sample' defined in: c:\watcom\H\allegro\digi.h(151)
c:\watcom\H\allegro\inline\draw.inl(67): Warning! W202: Symbol 'vline' has been defined, but not referenced
c:\watcom\H\allegro\inline\draw.inl(68): Warning! W202: Symbol 'hline' has been defined, but not referenced
c:\watcom\H\allegro\alcompat.h(46): Warning! W202: Symbol 'fmul' has been defined, but not referenced
c:\watcom\H\allegro\alcompat.h(36): Warning! W202: Symbol 'clear' has been defined, but not referenced
c:\watcom\H\allegro\alcompat.h(45): Warning! W202: Symbol 'fsub' has been defined, but not referenced
c:\watcom\H\allegro\alcompat.h(44): Warning! W202: Symbol 'fadd' has been defined, but not referenced
c:\watcom\H\allegro\alcompat.h(51): Warning! W202: Symbol 'fsin' has been defined, but not referenced
c:\watcom\H\allegro\alcompat.h(50): Warning! W202: Symbol 'fcos' has been defined, but not referenced
c:\watcom\H\allegro\alcompat.h(52): Warning! W202: Symbol 'ftan' has been defined, but not referenced
c:\watcom\H\allegro\alcompat.h(48): Warning! W202: Symbol 'fceil' has been defined, but not referenced
c:\watcom\H\allegro\alcompat.h(49): Warning! W202: Symbol 'ffloor' has been defined, but not referenced
c:\watcom\H\allegro\alcompat.h(47): Warning! W202: Symbol 'fdiv' has been defined, but not referenced
c:\watcom\H\allegro\alcompat.h(56): Warning! W202: Symbol 'fatan2' has been defined, but not referenced
c:\watcom\H\allegro\alcompat.h(55): Warning! W202: Symbol 'fatan' has been defined, but not referenced
c:\watcom\H\allegro\alcompat.h(58): Warning! W202: Symbol 'fhypot' has been defined, but not referenced
c:\watcom\H\allegro\alcompat.h(54): Warning! W202: Symbol 'fasin' has been defined, but not referenced
c:\watcom\H\allegro\alcompat.h(57): Warning! W202: Symbol 'fsqrt' has been defined, but not referenced
c:\watcom\H\allegro\alcompat.h(53): Warning! W202: Symbol 'facos' has been defined, but not referenced
